{
  "RSpec": {
    "coverage": {
      "/Users/bghalami/turing/3module/final_assessment/scrabble_web_api/spec/features/user_sees_example_sentence_for_word_spec.rb": [
        1,
        null,
        1,
        1,
        1,
        null,
        1,
        1,
        null,
        null,
        1,
        null,
        1,
        1,
        null,
        null,
        1,
        1,
        1,
        1,
        1,
        null,
        null,
        null
      ],
      "/Users/bghalami/turing/3module/final_assessment/scrabble_web_api/spec/rails_helper.rb": [
        null,
        1,
        null,
        1,
        1,
        null,
        1,
        1,
        1,
        null,
        1,
        1,
        null,
        1,
        1,
        1,
        null,
        null,
        null,
        null,
        null,
        null,
        null,
        null,
        null,
        null,
        null,
        null,
        null,
        null,
        null,
        null,
        null,
        null,
        null,
        null,
        1,
        1,
        null,
        1,
        null,
        1,
        1,
        1,
        4,
        null,
        1,
        4,
        null,
        null,
        null,
        null,
        1,
        null,
        1,
        null,
        null,
        null,
        null,
        1,
        null,
        null,
        null,
        null,
        null,
        null,
        null,
        null,
        null,
        null,
        null,
        null,
        null,
        null,
        1,
        null,
        null,
        1,
        null,
        null,
        null
      ],
      "/Users/bghalami/turing/3module/final_assessment/scrabble_web_api/config/environment.rb": [
        null,
        1,
        null,
        null,
        1
      ],
      "/Users/bghalami/turing/3module/final_assessment/scrabble_web_api/config/application.rb": [
        1,
        null,
        1,
        null,
        1,
        1,
        1,
        1,
        1,
        1,
        1,
        1,
        null,
        null,
        null,
        null,
        1,
        null,
        1,
        1,
        null,
        1,
        null,
        null,
        null,
        null,
        null,
        null,
        1,
        null,
        null
      ],
      "/Users/bghalami/turing/3module/final_assessment/scrabble_web_api/config/boot.rb": [
        1,
        null,
        1
      ],
      "/Users/bghalami/turing/3module/final_assessment/scrabble_web_api/config/environments/test.rb": [
        1,
        null,
        null,
        null,
        null,
        null,
        null,
        1,
        null,
        null,
        null,
        null,
        1,
        null,
        null,
        1,
        1,
        null,
        null,
        null,
        null,
        1,
        1,
        null,
        null,
        1,
        null,
        null,
        1,
        1,
        null,
        null,
        null,
        null,
        1,
        null,
        null,
        1,
        null,
        null,
        null,
        null
      ],
      "/Users/bghalami/turing/3module/final_assessment/scrabble_web_api/config/initializers/application_controller_renderer.rb": [
        null,
        null,
        null,
        null,
        null,
        null,
        null,
        null
      ],
      "/Users/bghalami/turing/3module/final_assessment/scrabble_web_api/config/initializers/assets.rb": [
        null,
        null,
        null,
        1,
        null,
        null,
        null,
        null,
        1,
        null,
        null,
        null,
        null,
        null
      ],
      "/Users/bghalami/turing/3module/final_assessment/scrabble_web_api/config/initializers/backtrace_silencers.rb": [
        null,
        null,
        null,
        null,
        null,
        null,
        null
      ],
      "/Users/bghalami/turing/3module/final_assessment/scrabble_web_api/config/initializers/cookies_serializer.rb": [
        null,
        null,
        null,
        null,
        1
      ],
      "/Users/bghalami/turing/3module/final_assessment/scrabble_web_api/config/initializers/filter_parameter_logging.rb": [
        null,
        null,
        null,
        1
      ],
      "/Users/bghalami/turing/3module/final_assessment/scrabble_web_api/config/initializers/inflections.rb": [
        null,
        null,
        null,
        null,
        null,
        null,
        null,
        null,
        null,
        null,
        null,
        null,
        null,
        null,
        null,
        null
      ],
      "/Users/bghalami/turing/3module/final_assessment/scrabble_web_api/config/initializers/mime_types.rb": [
        null,
        null,
        null,
        null
      ],
      "/Users/bghalami/turing/3module/final_assessment/scrabble_web_api/config/initializers/wrap_parameters.rb": [
        null,
        null,
        null,
        null,
        null,
        null,
        1,
        2,
        null,
        null,
        null,
        null,
        null,
        null
      ],
      "/Users/bghalami/turing/3module/final_assessment/scrabble_web_api/spec/factories/games.rb": [
        1,
        1,
        1,
        1,
        null,
        null,
        null,
        null,
        null,
        null
      ],
      "/Users/bghalami/turing/3module/final_assessment/scrabble_web_api/spec/factories/plays.rb": [
        1,
        1,
        1,
        1,
        1,
        null,
        null,
        null,
        null,
        null
      ],
      "/Users/bghalami/turing/3module/final_assessment/scrabble_web_api/spec/factories/users.rb": [
        1,
        1,
        1,
        null,
        null,
        null
      ],
      "/Users/bghalami/turing/3module/final_assessment/scrabble_web_api/config/routes.rb": [
        1,
        1,
        null,
        1,
        null,
        1,
        1,
        1,
        1,
        null,
        null,
        null,
        null
      ],
      "/Users/bghalami/turing/3module/final_assessment/scrabble_web_api/app/helpers/application_helper.rb": [
        1,
        null
      ],
      "/Users/bghalami/turing/3module/final_assessment/scrabble_web_api/spec/support/factory_bot.rb": [
        1,
        1,
        null,
        null
      ],
      "/Users/bghalami/turing/3module/final_assessment/scrabble_web_api/spec/models/play_spec.rb": [
        1,
        null,
        1,
        1,
        1,
        1,
        1,
        1,
        null,
        null,
        null,
        null
      ],
      "/Users/bghalami/turing/3module/final_assessment/scrabble_web_api/app/models/play.rb": [
        1,
        1,
        1,
        null,
        1,
        null,
        1,
        null,
        null,
        null,
        null,
        32,
        null,
        null,
        1,
        null,
        1,
        10,
        32,
        null,
        10,
        null,
        null,
        1,
        10,
        null,
        null
      ],
      "/Users/bghalami/turing/3module/final_assessment/scrabble_web_api/app/models/application_record.rb": [
        1,
        1,
        null
      ],
      "/Users/bghalami/turing/3module/final_assessment/scrabble_web_api/spec/requests/user_can_get_game_info_with_api_request_spec.rb": [
        1,
        null,
        1,
        1,
        1,
        1,
        null,
        1,
        null,
        1,
        1,
        1,
        1,
        null,
        1,
        1,
        null,
        null,
        1,
        1,
        1,
        1,
        1,
        1,
        1,
        1,
        null,
        null
      ],
      "/Users/bghalami/turing/3module/final_assessment/scrabble_web_api/spec/requests/user_can_post_a_move_spec.rb": [
        1,
        null,
        1,
        1,
        1,
        1,
        null,
        1,
        null,
        1,
        1,
        1,
        1,
        null,
        1,
        1,
        null,
        null,
        1,
        1,
        1,
        null,
        null,
        1,
        1,
        1,
        null,
        null
      ],
      "/Users/bghalami/turing/3module/final_assessment/scrabble_web_api/app/controllers/welcome_controller.rb": [
        1,
        1,
        null,
        null
      ],
      "/Users/bghalami/turing/3module/final_assessment/scrabble_web_api/app/controllers/application_controller.rb": [
        1,
        1,
        null
      ],
      "/Users/bghalami/turing/3module/final_assessment/scrabble_web_api/app/controllers/search_controller.rb": [
        1,
        1,
        1,
        null,
        null
      ],
      "/Users/bghalami/turing/3module/final_assessment/scrabble_web_api/app/facades/sentences.rb": [
        1,
        1,
        null,
        1,
        1,
        null,
        null,
        1,
        1,
        3,
        null,
        null,
        null,
        1,
        null,
        1,
        1,
        null,
        null
      ],
      "/Users/bghalami/turing/3module/final_assessment/scrabble_web_api/app/services/oxford_service.rb": [
        1,
        null,
        1,
        1,
        1,
        34,
        null,
        null,
        null,
        1,
        1,
        1,
        1,
        1,
        null,
        null,
        null,
        1,
        1,
        null,
        null
      ],
      "/Users/bghalami/turing/3module/final_assessment/scrabble_web_api/app/models/game.rb": [
        1,
        1,
        1,
        null,
        1,
        null
      ],
      "/Users/bghalami/turing/3module/final_assessment/scrabble_web_api/app/models/user.rb": [
        1,
        1,
        null
      ],
      "/Users/bghalami/turing/3module/final_assessment/scrabble_web_api/app/controllers/api/v1/games_controller.rb": [
        1,
        1,
        1,
        1,
        2,
        2,
        null,
        null,
        null,
        null
      ],
      "/Users/bghalami/turing/3module/final_assessment/scrabble_web_api/app/serializers/game_serializer.rb": [
        1,
        1,
        null,
        1,
        3,
        null,
        null,
        1,
        3,
        null,
        null,
        null,
        1,
        null,
        1,
        6,
        6,
        null,
        null,
        1,
        6,
        28,
        null,
        6,
        14,
        null,
        null,
        null
      ],
      "/Users/bghalami/turing/3module/final_assessment/scrabble_web_api/app/controllers/api/v1/plays_controller.rb": [
        1,
        1,
        1,
        1,
        1,
        1,
        1,
        1,
        1,
        null,
        null,
        null,
        null
      ]
    },
    "timestamp": 1540922354
  }
}
